<?xml version="1.0" encoding="UTF-8"?>
<!-- Generated by org.testng.reporters.JUnitXMLReporter -->
<testsuite ignored="4" hostname="LTIN198470" failures="0" tests="15" name="Test" time="79.51" errors="0" timestamp="2024-02-29T17:34:40 IST">
  <testcase classname="testCases.TC_001_SearchBookshelves" name="search" time="0.303"/>
  <testcase classname="testCases.TC_001_SearchBookshelves" name="titleValidation" time="1.35"/>
  <testcase classname="testCases.TC_002_SelectItems" name="selectCategory" time="3.499"/>
  <testcase classname="testCases.TC_002_SelectItems" name="select_price" time="1.358"/>
  <testcase classname="testCases.TC_002_SelectItems" name="clickStorageButton" time="2.174"/>
  <testcase classname="testCases.TC_002_SelectItems" name="select_filter" time="0.195"/>
  <testcase classname="testCases.TC_002_SelectItems" name="print_data" time="4.175"/>
  <testcase classname="testCases.TC_002_SelectItems" name="displayNavBar_items" time="0.121"/>
  <testcase classname="testCases.TC_002_SelectItems" name="printNavBar_items" time="3.551"/>
  <testcase classname="testCases.TC_003_GiftCard" name="displayGiftPage" time="39.463"/>
  <testcase classname="testCases.TC_003_GiftCard" name="clickBirthday" time="0.072"/>
  <testcase classname="testCases.TC_003_GiftCard" name="enterAmount_Date" time="0.703"/>
  <testcase classname="testCases.TC_003_GiftCard" name="enterDetails" time="1.341"/>
  <testcase classname="testCases.TC_003_GiftCard" name="mailValidation" time="1.45"/>
  <testcase classname="testCases.TC_003_GiftCard" name="verifyValidEmail" time="0.844"/>
  <testcase classname="testBase.BaseClass" name="@AfterTest teardown" time="0.0">
    <ignored/>
  </testcase> <!-- @AfterTest teardown -->
  <testcase classname="testBase.BaseClass" name="@AfterTest teardown" time="0.0">
    <ignored/>
  </testcase> <!-- @AfterTest teardown -->
  <testcase classname="testBase.BaseClass" name="@BeforeTest setup" time="0.0">
    <ignored/>
  </testcase> <!-- @BeforeTest setup -->
  <testcase classname="testBase.BaseClass" name="@BeforeTest setup" time="0.0">
    <ignored/>
  </testcase> <!-- @BeforeTest setup -->
</testsuite> <!-- Test -->
